start_learning Apr 01, 2008
0 KLCost(Non-Converted) 2.4865027424164503
0 KLCost(Converted) 3.5192282226807343
0 MMDCost(Non-Converted) 0.07497617791308624
0 MMDCost(Converted) 0.181237621790249
1 KLCost(Non-Converted) 2.290417311976483
1 KLCost(Converted) 4.7064115852859105
1 MMDCost(Non-Converted) 0.05522344331649216
1 MMDCost(Converted) 0.17706229518783648
2 KLCost(Non-Converted) 2.82223339920556
2 KLCost(Converted) 4.283193250551198
2 MMDCost(Non-Converted) 0.05500532353916533
2 MMDCost(Converted) 0.17534239345697378
3 KLCost(Non-Converted) 1.9217593996702573
3 KLCost(Converted) 3.329155780271106
3 MMDCost(Non-Converted) 0.050569850575120895
3 MMDCost(Converted) 0.16590530243688603
4 KLCost(Non-Converted) 1.8119197326987793
4 KLCost(Converted) 2.3972593760634044
4 MMDCost(Non-Converted) 0.04721771990908254
4 MMDCost(Converted) 0.15779620798555616
5 KLCost(Non-Converted) 1.584762503667261
5 KLCost(Converted) 1.9790986348625836
5 MMDCost(Non-Converted) 0.04592384244529837
5 MMDCost(Converted) 0.15453538416435256
6 KLCost(Non-Converted) 1.6527600857070206
6 KLCost(Converted) 1.59282789396703
6 MMDCost(Non-Converted) 0.04546006903873359
6 MMDCost(Converted) 0.14634821344450152
7 KLCost(Non-Converted) 1.6781336861381593
7 KLCost(Converted) 1.3597543070949052
7 MMDCost(Non-Converted) 0.04564161349688047
7 MMDCost(Converted) 0.13339728419845326
8 KLCost(Non-Converted) 1.6563666282851035
8 KLCost(Converted) 1.1363120964290478
8 MMDCost(Non-Converted) 0.04698816009868585
8 MMDCost(Converted) 0.11960687769821522
9 KLCost(Non-Converted) 1.9458875683323236
9 KLCost(Converted) 1.0118612638813074
9 MMDCost(Non-Converted) 0.0488066914674078
9 MMDCost(Converted) 0.10238434674506046
10 KLCost(Non-Converted) 1.6892448532266615
10 KLCost(Converted) 0.8883686682680177
10 MMDCost(Non-Converted) 0.049726887089751245
10 MMDCost(Converted) 0.0858035814683131
11 KLCost(Non-Converted) 1.638003878382094
11 KLCost(Converted) 0.8473440886654264
11 MMDCost(Non-Converted) 0.051270980636193536
11 MMDCost(Converted) 0.07211144749404266
12 KLCost(Non-Converted) 1.7859247652259727
12 KLCost(Converted) 0.8390253377148351
12 MMDCost(Non-Converted) 0.05590959291509613
12 MMDCost(Converted) 0.0594525124229198
13 KLCost(Non-Converted) 1.7115054714117632
13 KLCost(Converted) 0.882084835705033
13 MMDCost(Non-Converted) 0.05957573845975844
13 MMDCost(Converted) 0.048904943930521416
14 KLCost(Non-Converted) 2.1111483927361094
14 KLCost(Converted) 1.0779969334996748
14 MMDCost(Non-Converted) 0.05904630534213192
14 MMDCost(Converted) 0.03904491939522998
15 KLCost(Non-Converted) 2.1252564495305633
15 KLCost(Converted) 1.0643057958839066
15 MMDCost(Non-Converted) 0.05691337440313961
15 MMDCost(Converted) 0.032099139543414826
16 KLCost(Non-Converted) 1.733852127195895
16 KLCost(Converted) 1.2938044073484896
16 MMDCost(Non-Converted) 0.04316128243262609
16 MMDCost(Converted) 0.02343658999911682
17 KLCost(Non-Converted) 1.360749678739267
17 KLCost(Converted) 1.0077511561156391
17 MMDCost(Non-Converted) 0.042174992195650546
17 MMDCost(Converted) 0.02458316804364218
18 KLCost(Non-Converted) 1.165836879173249
18 KLCost(Converted) 1.0140965988662753
18 MMDCost(Non-Converted) 0.039851516509086145
18 MMDCost(Converted) 0.026228464625881284
19 KLCost(Non-Converted) 1.0278916217953167
19 KLCost(Converted) 1.0931499795380046
19 MMDCost(Non-Converted) 0.03577443071627626
19 MMDCost(Converted) 0.026568563304758052
20 KLCost(Non-Converted) 0.9185956314702233
20 KLCost(Converted) 1.096804478052662
20 MMDCost(Non-Converted) 0.0313378870751042
20 MMDCost(Converted) 0.02734641507863999
21 KLCost(Non-Converted) 0.8328279789405952
21 KLCost(Converted) 1.613803747397628
21 MMDCost(Non-Converted) 0.026461072185828497
21 MMDCost(Converted) 0.02936703203185255
22 KLCost(Non-Converted) 0.7916699291693614
22 KLCost(Converted) 1.3127866199458464
22 MMDCost(Non-Converted) 0.022122131831768883
22 MMDCost(Converted) 0.031039871797989838
23 KLCost(Non-Converted) 0.801712313893459
23 KLCost(Converted) 1.5075463097384876
23 MMDCost(Non-Converted) 0.0193969692517882
23 MMDCost(Converted) 0.03208658755472313
24 KLCost(Non-Converted) 0.6694263386363974
24 KLCost(Converted) 1.2079695551127752
24 MMDCost(Non-Converted) 0.01880696876472892
24 MMDCost(Converted) 0.031955956026115805
25 KLCost(Non-Converted) 0.6545291643199459
25 KLCost(Converted) 1.0965734352461174
25 MMDCost(Non-Converted) 0.018949293863005635
25 MMDCost(Converted) 0.028912306705230827
26 KLCost(Non-Converted) 0.6168743709850908
26 KLCost(Converted) 1.1475622228853848
26 MMDCost(Non-Converted) 0.01928887930817389
26 MMDCost(Converted) 0.024947247492823208
27 KLCost(Non-Converted) 0.6341346046749381
27 KLCost(Converted) 0.9571350182653194
27 MMDCost(Non-Converted) 0.019022670378127556
27 MMDCost(Converted) 0.021533955695423428
28 KLCost(Non-Converted) 0.7668739220047764
28 KLCost(Converted) 0.8481326914619132
28 MMDCost(Non-Converted) 0.018925570330022574
28 MMDCost(Converted) 0.0192318875890369
29 KLCost(Non-Converted) 0.707719040046408
29 KLCost(Converted) 0.758691886799507
29 MMDCost(Non-Converted) 0.018776985329441005
29 MMDCost(Converted) 0.016736481551878908
30 KLCost(Non-Converted) 0.7493270309687619
30 KLCost(Converted) 0.7228015468213094
30 MMDCost(Non-Converted) 0.019050849510172583
30 MMDCost(Converted) 0.014936000277934684
31 KLCost(Non-Converted) 0.8591087382981717
31 KLCost(Converted) 0.7114959514163051
31 MMDCost(Non-Converted) 0.01989280625440392
31 MMDCost(Converted) 0.014162169766474181
32 KLCost(Non-Converted) 0.944442902544991
32 KLCost(Converted) 0.7054873868655598
32 MMDCost(Non-Converted) 0.02090008168089315
32 MMDCost(Converted) 0.014597983241016127
33 KLCost(Non-Converted) 0.8927486064031935
33 KLCost(Converted) 0.8204909832597935
33 MMDCost(Non-Converted) 0.022536424000832063
33 MMDCost(Converted) 0.014695444179717744
34 KLCost(Non-Converted) 0.9143225529529286
34 KLCost(Converted) 0.6824042452339016
34 MMDCost(Non-Converted) 0.024068020715567455
34 MMDCost(Converted) 0.014774011972770222
35 KLCost(Non-Converted) 0.9914387350298983
35 KLCost(Converted) 0.6724717466039933
35 MMDCost(Non-Converted) 0.024233805629995366
35 MMDCost(Converted) 0.014642577387570901
36 KLCost(Non-Converted) 0.9531250550505765
36 KLCost(Converted) 0.629401427384324
36 MMDCost(Non-Converted) 0.02312607230926967
36 MMDCost(Converted) 0.014476723330820843
37 KLCost(Non-Converted) 0.8934980287916925
37 KLCost(Converted) 0.6301154758174539
37 MMDCost(Non-Converted) 0.02206040145575401
37 MMDCost(Converted) 0.015486024148243354
38 KLCost(Non-Converted) 0.9001960821160533
38 KLCost(Converted) 0.7023831863861664
38 MMDCost(Non-Converted) 0.021404708593697738
38 MMDCost(Converted) 0.015980475895429606
39 KLCost(Non-Converted) 0.9908361175629126
39 KLCost(Converted) 0.5991007776448559
39 MMDCost(Non-Converted) 0.02178368915774108
39 MMDCost(Converted) 0.01394025312940124
40 KLCost(Non-Converted) 0.9693271845969853
40 KLCost(Converted) 0.6118541252966657
40 MMDCost(Non-Converted) 0.022189203809357762
40 MMDCost(Converted) 0.012440915637783698
41 KLCost(Non-Converted) 1.1336002170433381
41 KLCost(Converted) 0.7767722785201248
41 MMDCost(Non-Converted) 0.022280443085587714
41 MMDCost(Converted) 0.012471099036614279
42 KLCost(Non-Converted) 0.9711537693051329
42 KLCost(Converted) 0.7185429163980275
42 MMDCost(Non-Converted) 0.022240417440987627
42 MMDCost(Converted) 0.013243218109676165
43 KLCost(Non-Converted) 1.0293007769519242
43 KLCost(Converted) 0.7711007216785682
43 MMDCost(Non-Converted) 0.02286744771160993
43 MMDCost(Converted) 0.014062403573370035
44 KLCost(Non-Converted) 0.9534970988591716
44 KLCost(Converted) 0.7423814656605863
44 MMDCost(Non-Converted) 0.022755633616940652
44 MMDCost(Converted) 0.015393297281227484
45 KLCost(Non-Converted) 0.9223924479265742
45 KLCost(Converted) 0.7010151814841185
45 MMDCost(Non-Converted) 0.023258766515080662
45 MMDCost(Converted) 0.016549283635731816
46 KLCost(Non-Converted) 0.905497959471512
46 KLCost(Converted) 0.7175070068853248
46 MMDCost(Non-Converted) 0.023088789458901193
46 MMDCost(Converted) 0.018123534848039746
47 KLCost(Non-Converted) 0.8850192326894764
47 KLCost(Converted) 0.7866030063080408
47 MMDCost(Non-Converted) 0.
47 MMDCost(Converted) 0.015090255085107146
48 KLCost(Non-Converted) 1.3441273698499467
48 KLCost(Converted) 0.636821708247671
48 MMDCost(Non-Converted) 0.027049419735828462
48 MMDCost(Converted) 0.015416045571628356
49 KLCost(Non-Converted) 1.3051483397160786
49 KLCost(Converted) 0.6623078130615774
49 MMDCost(Non-Converted) 0.024298955553113434
49 MMDCost(Converted) 0.016208729953660312
50 KLCost(Non-Converted) 1.0944422995372827
50 KLCost(Converted) 0.6860545214677269
50 MMDCost(Non-Converted) 0.02333946954110854
50 MMDCost(Converted) 0.017552951336538544
51 KLCost(Non-Converted) 1.0378502490079204
51 KLCost(Converted) 0.72128828043571
51 MMDCost(Non-Converted) 0.023533142148504133
51 MMDCost(Converted) 0.018740252884257572
52 KLCost(Non-Converted) 1.1181343585123047
52 KLCost(Converted) 0.7155532609729851
52 MMDCost(Non-Converted) 0.02344479859832351
52 MMDCost(Converted) 0.019253022139838274
53 KLCost(Non-Converted) 1.307339130873947
53 KLCost(Converted) 0.8287056837295711
53 MMDCost(Non-Converted) 0.023161439295619077
53 MMDCost(Converted) 0.01813052217875983
54 KLCost(Non-Converted) 1.2059542823953162
54 KLCost(Converted) 0.6964739465562451
54 MMDCost(Non-Converted) 0.02287051862927949
54 MMDCost(Converted) 0.01671874751142851
55 KLCost(Non-Converted) 1.0900742862089245
55 KLCost(Converted) 0.66068702339193
55 MMDCost(Non-Converted) 0.023319817100474656
55 MMDCost(Converted) 0.015274308778213883
56 KLCost(Non-Converted) 1.0659527988474233
56 KLCost(Converted) 0.6261635851905404
56 MMDCost(Non-Converted) 0.024244043154822623
56 MMDCost(Converted) 0.01427117697910666
57 KLCost(Non-Converted) 1.0647151677836988
57 KLCost(Converted) 0.635888844797993
57 MMDCost(Non-Converted) 0.02522198457875926
57 MMDCost(Converted) 0.013125870052293287
58 KLCost(Non-Converted) 1.0869350764512258
58 KLCost(Converted) 0.6298348332218371
58 MMDCost(Non-Converted) 0.026057317608286057
58 MMDCost(Converted) 0.012062088754916303
59 KLCost(Non-Converted) 1.049960888083137
59 KLCost(Converted) 0.5754396722262499
59 MMDCost(Non-Converted) 0.026760913959737117
59 MMDCost(Converted) 0.011103075293099713
60 KLCost(Non-Converted) 1.128524722832371
60 KLCost(Converted) 0.5388798344294135
60 MMDCost(Non-Converted) 0.026541208832490837
60 MMDCost(Converted) 0.011220979046918211
61 KLCost(Non-Converted) 1.0864246593406461
61 KLCost(Converted) 0.6471080143854527
61 MMDCost(Non-Converted) 0.025785261827855385
61 MMDCost(Converted) 0.012101090939694737
62 KLCost(Non-Converted) 0.9235740416484108
62 KLCost(Converted) 0.7025924077571866
62 MMDCost(Non-Converted) 0.025774329857451022
62 MMDCost(Converted) 0.01159134521283245
63 KLCost(Non-Converted) 0.8674286621927301
63 KLCost(Converted) 0.6675921664276206
63 MMDCost(Non-Converted) 0.025920289444150143
63 MMDCost(Converted) 0.01103383252656629
64 KLCost(Non-Converte64 KLCost(Non-Converted) 1.0587761535498224
64 KLCost(Converted) 0.5035663767706516
64 MMDCost(Non-Converted) 0.01947775925853773
64 MMDCost(Converted) 0.011642292015292216
65 KLCost(Non-Converted) 0.954665112840158
65 KLCost(Converted) 0.5088148302923544
65 MMDCost(Non-Converted) 0.02012997409338234
65 MMDCost(Converted) 0.015464200360587908
66 KLCost(Non-Converted) 0.9974553533939756
66 KLCost(Converted) 0.5448791118705423
66 MMDCost(Non-Converted) 0.02247257944349569
66 MMDCost(Converted) 0.020264533218447858
67 KLCost(Non-Converted) 1.18466691034852
67 KLCost(Converted) 0.5623950049367986
67 MMDCost(Non-Converted) 0.024295583587077414
67 MMDCost(Converted) 0.02134550494544173
68 KLCost(Non-Converted) 1.3783100896917857
68 KLCost(Converted) 0.5840713311325422
68 MMDCost(Non-Converted) 0.025149464138139798
68 MMDCost(Converted) 0.016194872913284773
69 KLCost(Non-Converted) 1.1017670444016896
69 KLCost(Converted) 0.5873195786148421
69 MMDCost(Non-Converted) 0.02537666221036444
69 MMDCost(Converted) 0.011987099363424035
70 KLCost(Non-Converted) 1.0133570862357169
70 KLCost(Converted) 0.6030167423301398
70 MMDCost(Non-Converted) 0.025815003131933082
70 MMDCost(Converted) 0.011640659200034516
71 KLCost(Non-Converted) 0.9556063749165944
71 KLCost(Converted) 0.6245918759924663
71 MMDCost(Non-Converted) 0.025384116225018794
71 MMDCost(Converted) 0.012382071422640058
72 KLCost(Non-Converted) 0.9344555453869805
72 KLCost(Converted) 0.6249238540711476
72 MMDCost(Non-Converted) 0.024627249044358184
72 MMDCost(Converted) 0.013025286191450228
73 KLCost(Non-Converted) 0.9444649402307768
73 KLCost(Converted) 0.6493698721343079
73 MMDCost(Non-Converted) 0.023701148030964243
73 MMDCost(Converted) 0.013049207327168248
74 KLCost(Non-Converted) 1.0107999659975793
74 KLCost(Converted) 0.7855409174027043
74 MMDCost(Non-Converted) 0.0220826336805819
74 MMDCost(Converted) 0.013894010364420702
75 KLCost(Non-Converted) 0.9274826365778392
75 KLCost(Converted) 0.8758144993878711
75 MMDCost(Non-Converted) 0.01959465057413124
75 MMDCost(Converted) 0.014390558329071247
76 KLCost(Non-Converted) 0.8679952804094735
76 KLCost(Converted) 0.6534528690457453
76 MMDCost(Non-Converted) 0.01692649069792547
76 MMDCost(Converted) 0.013589406499407864
77 KLCost(Non-Converted) 0.7267474505485223
77 KLCost(Converted) 0.6141069858415987
77 MMDCost(Non-Converted) 0.01564660745852201
77 MMDCost(Converted) 0.012350174756673228
78 KLCost(Non-Converted) 0.6660119571425268
78 KLCost(Converted) 0.6273579613426163
78 MMDCost(Non-Converted) 0.014602334357369214
78 MMDCost(Converted) 0.01164329650071769
79 KLCost(Non-Converted) 0.6247924272539184
79 KLCost(Converted) 0.7422167697545826
79 MMDCost(Non-Converted) 0.014121873708798945
79 MMDCost(Converted) 0.01198917007280414
80 KLCost(Non-Converted) 0.5875267502306136
80 KLCost(Converted) 0.7610731436515081
80 MMDCost(Non-Converted) 0.013795405068464835
80 MMDCost(Converted) 0.011914661591109205
81 KLCost(Non-Converted) 0.5579094640028865
81 KLCost(Converted) 0.6307001651637413
81 MMDCost(Non-Converted) 0.01343598414324787
81 MMDCost(Converted) 0.011432277342015134
82 KLCost(Non-Converted) 0.5430706511942325
82 KLCost(Converted) 0.6500579209307306
82 MMDCost(Non-Converted) 0.013867106419894106
82 MMDCost(Converted) 0.010795953562483005
83 KLCost(Non-Converted) 0.5253905712568959
83 KLCost(Converted) 0.6921946855713985
83 MMDCost(Non-Converted) 0.014695931309911212
83 MMDCost(Converted) 0.010953068238759618
84 KLCost(Non-Converted) 0.5275066765549257
84 KLCost(Converted) 0.63691016867751
84 MMDCost(Non-Converted) 0.01457532698400139
84 MMDCost(Converted) 0.011424228674256756
85 KLCost(Non-Converted) 0.5483385822213812
85 KLCost(Converted) 0.5726964216078947
85 MMDCost(Non-Converted) 0.014552356450864605
85 MMDCost(Converted) 0.012163299611552516
86 KLCost(Non-Converted) 0.6382727335300257
86 KLCost(Converted) 0.8099364589218782
86 MMDCost(Non-Converted) 0.01475545330023043
86 MMDCost(Converted) 0.011825235430947368
87 KLCost(Non-Converted) 0.6310556236327223
87 KLCost(Converted) 0.5494036123265905
87 MMDCost(Non-Converted) 0.015368749241097808
87 MMDCost(Converted) 0.009974117463045884
88 KLCost(Non-Converted) 0.6134265590097276
88 KLCost(Converted) 0.4586606436275417
88 MMDCost(Non-Converted) 0.015906052866251387
88 MMDCost(Converted) 0.009282896208670397
89 KLCost(Non-Converted) 0.5888211999055775
89 KLCost(Converted) 0.42736477631723696
89 MMDCost(Non-Converted) 0.016111601205926147
89 MMDCost(Converted) 0.009241575632047428
90 KLCost(Non-Converted) 0.5628202238888979
90 KLCost(Converted) 0.4172614213278318
90 MMDCost(Non-Converted) 0.016511294374373875
90 MMDCost(Converted) 0.01035854446477456
91 KLCost(Non-Converted) 0.5409620830383495
91 KLCost(Converted) 0.41461595694470443
91 MMDCost(Non-Converted) 0.016942664589723728
91 MMDCost(Converted) 0.010348885852708581
92 KLCost(Non-Converted) 0.5280578610625477
92 KLCost(Converted) 0.3994548804557168
92 MMDCost(Non-Converted) 0.016334009698768984
92 MMDCost(Converted) 0.008903277326176351
93 KLCost(Non-Converted) 0.5306213634624567
93 KLCost(Converted) 0.4043942464537509
93 MMDCost(Non-Converted) 0.014953009227553934
93 MMDCost(Converted) 0.007865344723602266
94 KLCost(Non-Converted) 0.6353236501882589
94 KLCost(Converted) 0.480140478613571
94 MMDCost(Non-Converted) 0.01428993753388922
94 MMDCost(Converted) 0.0079393016 0.6550563734329017
95 KLCost(Converted) 0.9191353127415095
95 MMDCost(Non-Converted) 0.017784598525407605
95 MMDCost(Converted) 0.018840444586895305
96 KLCost(Non-Converted) 0.699341022844182
96 KLCost(Converted) 0.859698335562798
96 MMDCost(Non-Converted) 0.019434672363940822
96 MMDCost(Converted) 0.017079373173912765
97 KLCost(Non-Converted) 0.7548980335161812
97 KLCost(Converted) 0.9005106071465532
97 MMDCost(Non-Converted) 0.02103715353217591
97 MMDCost(Converted) 0.015785224763066336
98 KLCost(Non-Converted) 0.8091824110660057
98 KLCost(Converted) 0.79066042849306
98 MMDCost(Non-Converted) 0.021913702170388964
98 MMDCost(Converted) 0.01766361002770594
99 KLCost(Non-Converted) 0.9271449067916939
99 KLCost(Converted) 0.8359862492078303
99 MMDCost(Non-Converted) 0.022480154847927352
99 MMDCost(Converted) 0.02231919134035771
100 KLCost(Non-Converted) 0.925378341698039
100 KLCost(Converted) 0.8594190591108867
100 MMDCost(Non-Converted) 0.022465670802794088
100 MMDCost(Converted) 0.022554999879225695
101 KLCost(Non-Converted) 0.92072610905429
101 KLCost(Converted) 0.8811098781880796
101 MMDCost(Non-Converted) 0.022307264265233197
101 MMDCost(Converted) 0.02251207272602151
102 KLCost(Non-Converted) 0.9087104725928701
102 KLCost(Converted) 0.881760340820773
102 MMDCost(Non-Converted) 0.02202652495476084
102 MMDCost(Converted) 0.02221490830250398
103 KLCost(Non-Converted) 0.8942468293709156
103 KLCost(Converted) 0.9080291093384708
103 MMDCost(Non-Converted) 0.021638043543122723
103 MMDCost(Converted) 0.021832674054027747
104 KLCost(Non-Converted) 0.8821013611787385
104 KLCost(Converted) 0.8710912088483246
104 MMDCost(Non-Converted) 0.02118183974546343
104 MMDCost(Converted) 0.021225494136392267
105 KLCost(Non-Converted) 0.8918869755895626
105 KLCost(Converted) 0.8608689729644032
105 MMDCost(Non-Converted) 0.020690265983748596
105 MMDCost(Converted) 0.020452183067383337
106 KLCost(Non-Converted) 0.8371391120702352
106 KLCost(Converted) 0.8622993798660443
106 MMDCost(Non-Converted) 0.02009554203414563
106 MMDCost(Converted) 0.019669499455689184
107 KLCost(Non-Converted) 0.8046253905893737
107 KLCost(Converted) 0.8998428887652276
107 MMDCost(Non-Converted) 0.01949569176016013
107 MMDCost(Converted) 0.01868780084909521
108 KLCost(Non-Converted) 0.7787476734728301
108 KLCost(Converted) 0.8753467484409678
108 MMDCost(Non-Converted) 0.01898489394532797
108 MMDCost(Converted) 0.017781036159813798
109 KLCost(Non-Converted) 0.7567056213060308
109 KLCost(Converted) 0.8671544777057552
109 MMDCost(Non-Converted) 0.01850952192751753
109 MMDCost(Converted) 0.016988067059341822
110 KLCost(Non-Converted) 0.7373507330632942
110 KLCost(Converted) 0.8648496562803163
110 MMDCost(Non-Converted) 0.018064590128968327
110 MMDCost(Converted) 0.01619321454428132
111 KLCost(Non-Converted) 0.7213958338686867
11111 KLCost(Non-Converted) 0.4340446597455495
111 KLCost(Converted) 0.4640032825390908
111 MMDCost(Non-Converted) 0.012035977022095232
111 MMDCost(Converted) 0.007767590711226101
112 KLCost(Non-Converted) 0.42112321361909966
112 KLCost(Converted) 0.4518349689665924
112 MMDCost(Non-Converted) 0.01161942627754276
112 MMDCost(Converted) 0.007389536600469807
113 KLCost(Non-Converted) 0.410684991134322
113 KLCost(Converted) 0.43982718315100705
113 MMDCost(Non-Converted) 0.01116951361423385
113 MMDCost(Converted) 0.007064544064939907
114 KLCost(Non-Converted) 0.4063459437889877
114 KLCost(Converted) 0.43053257962985825
114 MMDCost(Non-Converted) 0.010817600463135176
114 MMDCost(Converted) 0.006714110548557642
115 KLCost(Non-Converted) 0.3937195597735642
115 KLCost(Converted) 0.42374519047822296
115 MMDCost(Non-Converted) 0.010444400062820583
115 MMDCost(Converted) 0.006362631662899937
116 KLCost(Non-Converted) 0.3829801405718969
116 KLCost(Converted) 0.4227346738125829
116 MMDCost(Non-Converted) 0.010073872588724731
116 MMDCost(Converted) 0.006080620020025896
ost(Converted) 0.9042378913138495
117 MMDCost(Non-Converted) 0.01568922453358916
117 MMDCost(Converted) 0.014141690157165647
118 KLCost(Non-Converted) 0.6645801288178945
118 KLCost(Converted) 0.8868551330073082
118 MMDCost(Non-Converted) 0.015457633410414997
118 MMDCost(Converted) 0.014095354888173374
119 KLCost(Non-Converted) 0.6642088944272463
119 KLCost(Converted) 0.8797848182271737
119 MMDCost(Non-Converted) 0.015253104220573813
119 MMDCost(Converted) 0.014053781632428423
120 KLCost(Non-Converted) 0.666129417936795
120 KLCost(Converted) 0.8833557870659376
120 MMDCost(Non-Converted) 0.01510393939344582
120 MMDCost(Converted) 0.013985883653248519
121 KLCost(Non-Converted) 0.6676337560513466
121 KLCost(Converted) 0.8836147279412223
121 MMDCost(Non-Converted) 0.014946564665225877
121 MMDCost(Converted) 0.01394465585611879
122 KLCost(Non-Converted) 0.6713598684073414
122 KLCost(Converted) 0.8798703638615174
122 MMDCost(Non-Converted) 0.01476534834103293
122 MMDCost(Converted) 0.01392715261169434
123 KLCost(Non-Converted) 0.6738847579876797
123 KLCost(Converted) 0.8783410320260439
123 MMDCost(Non-Converted) 0.014580443236573823
123 MMDCost(Converted) 0.013943748895793839
124 KLCost(Non-Converted) 0.6750515768921385
124 KLCost(Converted) 0.880456019571429
124 MMDCost(Non-Converted) 0.014406297463212021
124 MMDCost(Converted) 0.013964439282188369
125 KLCost(Non-Converted) 0.6768786306461237
125 KLCost(Converted) 0.8751372621113161
125 MMDCost(Non-Converted) 0.014238732282684255
125 MMDCost(Converted) 0.013975689144618752
126 KLCost(Non-Converted) 0.6803962196293961
126 KLCost(Converted) 0.8664934798428624
126 MMDCost(Non-Converted) 0.014081501833841081
126 MMDCost(Converted) 0.013962337740363715
127 KLCost(Non-Converted) 0.6837174445289089
127 KLCost(Converted) 0.8655874733129835
127 MMDCost(Non-Converted) 0.013901557134356248
127 MMDCost(Converted) 0.01401412292811084
128 KLCost(Non-Converted) 0.6874085187566679
128 KLCost(Converted) 0.8540130089106596
128 MMDCost(Non-Converted) 0.013781405976841259
128 MMDCost(Converted) 0.014016986678730973
129 KLCost(Non-Converted) 0.6899038666786308
129 KLCost(Converted) 0.8534751046314416
129 MMDCost(Non-Converted) 0.013685815641375752
129 MMDCost(Converted) 0.014053230153486935
130 KLCost(Non-Converted) 0.6937837398696312
130 KLCost(Converted) 0.8552731653599621
130 MMDCost(Non-Converted) 0.013543793634722504
130 MMDCost(Converted) 0.014132189702020712
131 KLCost(Non-Converted) 0.6964226469822334
131 KLCost(Converted) 0.858175353938889
131 MMDCost(Non-Converted) 0.013451284104939903
131 MMDCost(Converted) 0.014156086179606921
132 KLCost(Non-Converted) 0.7028143612461238
132 KLCost(Converted) 0.8669947174007896
132 MMDCost(Non-Converted) 0.013402957334844706
132 MMDCost(Converted) 0.014180623163193845
133 KLCost(Non-Converted) 0.7116479923383353
133 KLCost(Converted) 0.8844547778802794
133 MMDCost(Non-Converted) 0.01334075247216696
133 MMDCost(Converted) 0.014266091943279564
134 KLCost(Non-Converted) 0.7251257939653414
134 KLCost(Converted) 0.9047254319037633
134 MMDCost(Non-Converted) 0.013287166089740194
134 MMDCost(Converted) 0.014346900538162998
135 KLCost(Non-Converted) 0.7473699382281013
135 KLCost(Converted) 0.9243470427988686
135 MMDCost(Non-Converted) 0.013217644171012238
135 MMDCost(Converted) 0.014541594956648913
136 KLCost(Non-Converted) 0.7665018536879415
136 KLCost(Converted) 0.9651539518576626
136 MMDCost(Non-Converted) 0.01317913830635316
136 MMDCost(Converted) 0.014859196469853881
137 KLCost(Non-Converted) 0.7843148560850276
137 KLCost(Converted) 1.0146881759642048
137 MMDCost(Non-Converted) 0.013136369943161617
137 MMDCost(Converted) 0.015340897750258488
138 KLCost(Non-Converted) 0.8049979629474016
138 KLCost(Converted) 1.0716091466602884
138 MMDCost(Non-Converted) 0.013113256863990846
138 MMDCost(Converted) 0.015765777595980777
139 KLCost(Non-Converted) 0.8284732194592257
139 KLCost(Converted) 1.1243939260739404
139 MMDCost(Non-Converted) 0.013102522735377696
139 MMDCost(Converted) 0.015917141048395547
140 KLCost(Non-Converted) 0.8430626410219899
140 KLCost(Converted) 1.1636334958652144
140 MMDCost(Non-Converted) 0.013058106778557751
140 MMDCost(Converted) 0.01598831583204461
141 KLCost(Non-Converted) 0.8601528347812695
141 KLCost(Converted) 1.1599624937031514
